<?xml version="1.0" encoding="UTF-8"?>
<testsuite xmlns:xsi="http://www.w3.org/2001/XMLSchema-instance" xsi:noNamespaceSchemaLocation="https://maven.apache.org/surefire/maven-surefire-plugin/xsd/surefire-test-report.xsd" name="Entities.BookingTest" time="19.1" tests="3" errors="0" skipped="0" failures="0">
  <properties>
[...]
</properties>
  <testcase name="getAllBookingsByIdReturnOk" classname="Entities.BookingTest" time="6.764"/>
  <testcase name="createBookingWithValidDataReturnOk" classname="Entities.BookingTest" time="2.694"/>
  <testcase name="getAllBookingsByUserFirstNameBookingExistsReturnOk" classname="Entities.BookingTest" time="5.414"/>
</testsuite>